<?xml version="1.0" encoding="UTF-8"?>
<robot generator="Robot 7.0.1 (Python 3.12.3 on win32)" generated="2024-07-22T21:58:59.290580" rpa="false" schemaversion="5">
<suite id="s1" name="AppFunctionalityTest" source="D:\Documents\Test Automation Projects\FORMY_App\Formy_App_Automation_Tests\tests\AppFunctionalityTest.robot">
<test id="s1-t1" name="User Try To Submit The Form Without Some Information" line="37">
<kw name="Start Session" owner="generic" type="SETUP">
<kw name="Log" owner="BuiltIn">
<msg time="2024-07-22T21:58:59.571352" level="INFO">Test ran on Chrome.</msg>
<arg>Test ran on ${target_browser}.</arg>
<doc>Logs the given message with the given level.</doc>
<status status="PASS" start="2024-07-22T21:58:59.570357" elapsed="0.000995"/>
</kw>
<kw name="Open Browser" owner="SeleniumLibrary">
<msg time="2024-07-22T21:58:59.571352" level="INFO">Opening browser 'Chrome' to base url 'https://formy-project.herokuapp.com/form'.</msg>
<arg>${root_url}</arg>
<arg>${target_browser}</arg>
<doc>Opens a new browser instance to the optional ``url``.</doc>
<status status="PASS" start="2024-07-22T21:58:59.571352" elapsed="2.681916"/>
</kw>
<status status="PASS" start="2024-07-22T21:58:59.570357" elapsed="2.682911"/>
</kw>
<kw name="Fill Registration Form" owner="registrationPage">
<if>
<branch type="IF" condition="${should_fail}">
<kw name="Log" owner="BuiltIn">
<arg>As should fail, its not validating data before input.</arg>
<doc>Logs the given message with the given level.</doc>
<status status="NOT RUN" start="2024-07-22T21:59:02.255262" elapsed="0.000000"/>
</kw>
<status status="NOT RUN" start="2024-07-22T21:59:02.255262" elapsed="0.000000"/>
</branch>
<branch type="ELSE">
<kw name="Is Data Valid For Field" owner="Generics">
<msg time="2024-07-22T21:59:02.256260" level="INFO">Comparing 'Fernando' with: [A-Za-z]+</msg>
<arg>Text</arg>
<arg>${name}</arg>
<doc>Uses RegEx to validate if data should be accepted by the given field_type.</doc>
<status status="PASS" start="2024-07-22T21:59:02.255262" elapsed="0.000998"/>
</kw>
<kw name="Is Data Valid For Field" owner="Generics">
<msg time="2024-07-22T21:59:02.256260" level="INFO">Not Tested as data is empty.</msg>
<arg>Text</arg>
<arg>${sname}</arg>
<doc>Uses RegEx to validate if data should be accepted by the given field_type.</doc>
<status status="PASS" start="2024-07-22T21:59:02.256260" elapsed="0.000000"/>
</kw>
<kw name="Is Data Valid For Field" owner="Generics">
<msg time="2024-07-22T21:59:02.257258" level="INFO">Comparing 'QA Automation Tester' with: [A-Za-z]+</msg>
<arg>Text</arg>
<arg>${job_title}</arg>
<doc>Uses RegEx to validate if data should be accepted by the given field_type.</doc>
<status status="PASS" start="2024-07-22T21:59:02.257258" elapsed="0.000000"/>
</kw>
<kw name="Is Data Valid For Field" owner="Generics">
<msg time="2024-07-22T21:59:02.257258" level="INFO">Not Tested as data is empty.</msg>
<arg>Date</arg>
<arg>${current_date}</arg>
<doc>Uses RegEx to validate if data should be accepted by the given field_type.</doc>
<status status="PASS" start="2024-07-22T21:59:02.257258" elapsed="0.000000"/>
</kw>
<status status="PASS" start="2024-07-22T21:59:02.255262" elapsed="0.001996"/>
</branch>
<status status="PASS" start="2024-07-22T21:59:02.255262" elapsed="0.001996"/>
</if>
<kw name="Input Text" owner="SeleniumLibrary">
<msg time="2024-07-22T21:59:02.258254" level="INFO">Typing text 'Fernando' into text field 'id:first-name'.</msg>
<arg>${form_name_field}</arg>
<arg>${name}</arg>
<doc>Types the given ``text`` into the text field identified by ``locator``.</doc>
<status status="PASS" start="2024-07-22T21:59:02.257258" elapsed="0.086767"/>
</kw>
<kw name="Input Text" owner="SeleniumLibrary">
<msg time="2024-07-22T21:59:02.345023" level="INFO">Typing text '' into text field 'id:last-name'.</msg>
<arg>${form_sname_field}</arg>
<arg>${sname}</arg>
<doc>Types the given ``text`` into the text field identified by ``locator``.</doc>
<status status="PASS" start="2024-07-22T21:59:02.344025" elapsed="0.055875"/>
</kw>
<kw name="Input Text" owner="SeleniumLibrary">
<msg time="2024-07-22T21:59:02.400903" level="INFO">Typing text 'QA Automation Tester' into text field 'id:job-title'.</msg>
<arg>${form_job_field}</arg>
<arg>${job_title}</arg>
<doc>Types the given ``text`` into the text field identified by ``locator``.</doc>
<status status="PASS" start="2024-07-22T21:59:02.399900" elapsed="0.061050"/>
</kw>
<kw name="Catenate" owner="BuiltIn">
<msg time="2024-07-22T21:59:02.461947" level="INFO">${radio} = xpath://div[@class='input-group'][1]/div/input[@id='radio-button-1']</msg>
<var>${radio}</var>
<arg>SEPARATOR=</arg>
<arg>${form_radial_field}</arg>
<arg>[1]/div/input[@id='radio-button-1']</arg>
<doc>Catenates the given items together and returns the resulted string.</doc>
<status status="PASS" start="2024-07-22T21:59:02.461947" elapsed="0.000000"/>
</kw>
<kw name="Catenate" owner="BuiltIn">
<msg time="2024-07-22T21:59:02.461947" level="INFO">${check} = xpath://div[@class='input-group'][2]/div/input[@id='checkbox-1']</msg>
<var>${check}</var>
<arg>SEPARATOR=</arg>
<arg>${form_checkbox_field}</arg>
<arg>[2]/div/input[@id='checkbox-1']</arg>
<doc>Catenates the given items together and returns the resulted string.</doc>
<status status="PASS" start="2024-07-22T21:59:02.461947" elapsed="0.000000"/>
</kw>
<kw name="Click Element" owner="SeleniumLibrary">
<msg time="2024-07-22T21:59:02.462944" level="INFO">Clicking element 'xpath://div[@class='input-group'][1]/div/input[@id='radio-button-1']'.</msg>
<arg>${radio}</arg>
<doc>Click the element identified by ``locator``.</doc>
<status status="PASS" start="2024-07-22T21:59:02.461947" elapsed="0.039431"/>
</kw>
<kw name="Select Checkbox" owner="SeleniumLibrary">
<msg time="2024-07-22T21:59:02.502401" level="INFO">Selecting checkbox 'xpath://div[@class='input-group'][2]/div/input[@id='checkbox-1']'.</msg>
<arg>${check}</arg>
<doc>Selects the checkbox identified by ``locator``.</doc>
<status status="PASS" start="2024-07-22T21:59:02.502401" elapsed="0.053455"/>
</kw>
<kw name="Select From List By Value" owner="SeleniumLibrary">
<msg time="2024-07-22T21:59:02.556854" level="INFO">Selecting options from selection list 'id:select-menu' by value 2.</msg>
<arg>${form_experience_field}</arg>
<arg>2</arg>
<doc>Selects options from selection list ``locator`` by ``values``.</doc>
<status status="PASS" start="2024-07-22T21:59:02.555856" elapsed="0.061836"/>
</kw>
<kw name="Capture Page Screenshot" owner="SeleniumLibrary">
<msg time="2024-07-22T21:59:02.707258" level="INFO" html="true">&lt;/td&gt;&lt;/tr&gt;&lt;tr&gt;&lt;td colspan="3"&gt;&lt;a href="filled-data-1.png"&gt;&lt;img src="filled-data-1.png" width="800px"&gt;&lt;/a&gt;</msg>
<arg>filename=filled-data-{index}.png</arg>
<doc>Takes a screenshot of the current page and embeds it into a log file.</doc>
<status status="PASS" start="2024-07-22T21:59:02.617692" elapsed="0.089566"/>
</kw>
<kw name="Input Text" owner="SeleniumLibrary">
<msg time="2024-07-22T21:59:02.708255" level="INFO">Typing text '' into text field 'id:datepicker'.</msg>
<arg>${form_date_field}</arg>
<arg>${current_date}</arg>
<doc>Types the given ``text`` into the text field identified by ``locator``.</doc>
<status status="PASS" start="2024-07-22T21:59:02.708255" elapsed="0.073194"/>
</kw>
<arg>${valid_name}</arg>
<arg>${EMPTY}</arg>
<arg>${valid_job_title}</arg>
<arg>${EMPTY}</arg>
<status status="PASS" start="2024-07-22T21:59:02.253268" elapsed="0.529179"/>
</kw>
<kw name="Submit Form" owner="registrationPage">
<kw name="Click Element" owner="SeleniumLibrary">
<msg time="2024-07-22T21:59:02.783443" level="INFO">Clicking element 'xpath://div[@class='form-group']/div/a[@role='button']'.</msg>
<arg>${submit_button}</arg>
<doc>Click the element identified by ``locator``.</doc>
<status status="PASS" start="2024-07-22T21:59:02.782447" elapsed="0.046874"/>
</kw>
<status status="PASS" start="2024-07-22T21:59:02.782447" elapsed="0.046874"/>
</kw>
<kw name="Check Confirmation" owner="registrationPage">
<kw name="Check if Confirmation is Visible in the Page and Message is Correct" owner="generic">
<kw name="Wait Until Element Is Visible" owner="SeleniumLibrary">
<arg>${element}</arg>
<arg>timeout=5</arg>
<doc>Waits until the element ``locator`` is visible.</doc>
<status status="PASS" start="2024-07-22T21:59:02.830318" elapsed="0.221581"/>
</kw>
<kw name="Get Text" owner="SeleniumLibrary">
<msg time="2024-07-22T21:59:03.071820" level="INFO">${text} = The form was successfully submitted!</msg>
<var>${text}</var>
<arg>${element}</arg>
<doc>Returns the text value of the element identified by ``locator``.</doc>
<status status="PASS" start="2024-07-22T21:59:03.052895" elapsed="0.018925"/>
</kw>
<kw name="Should Be Equal As Strings" owner="BuiltIn">
<msg time="2024-07-22T21:59:03.072817" level="FAIL">The form could not be submitted : != The form was successfully submitted!</msg>
<arg>${message}</arg>
<arg>${text}</arg>
<doc>Fails if objects are unequal after converting them to strings.</doc>
<status status="FAIL" start="2024-07-22T21:59:03.071820" elapsed="0.000997">The form could not be submitted : != The form was successfully submitted!</status>
</kw>
<arg>${alert_message_element}</arg>
<arg>${msg}</arg>
<status status="FAIL" start="2024-07-22T21:59:02.830318" elapsed="0.243496">The form could not be submitted : != The form was successfully submitted!</status>
</kw>
<arg>${failed_alert_msg}</arg>
<status status="FAIL" start="2024-07-22T21:59:02.829321" elapsed="0.244493">The form could not be submitted : != The form was successfully submitted!</status>
</kw>
<kw name="Close Session" owner="generic" type="TEARDOWN">
<kw name="Delete All Cookies" owner="SeleniumLibrary">
<doc>Deletes all cookies.</doc>
<status status="PASS" start="2024-07-22T21:59:03.074812" elapsed="0.009973"/>
</kw>
<kw name="Close Browser" owner="SeleniumLibrary">
<doc>Closes the current browser.</doc>
<status status="PASS" start="2024-07-22T21:59:03.084785" elapsed="2.124802"/>
</kw>
<status status="PASS" start="2024-07-22T21:59:03.073814" elapsed="2.135773"/>
</kw>
<tag>REGRESSION</tag>
<status status="FAIL" start="2024-07-22T21:58:59.569359" elapsed="5.640228">The form could not be submitted : != The form was successfully submitted!</status>
</test>
<doc>The test cases in this script focus in testing the app functional requirements
and issues that might be found by misinterpretation of those.</doc>
<status status="FAIL" start="2024-07-22T21:58:59.314516" elapsed="5.896069"/>
</suite>
<statistics>
<total>
<stat pass="0" fail="1" skip="0">All Tests</stat>
</total>
<tag>
<stat pass="0" fail="1" skip="0">REGRESSION</stat>
</tag>
<suite>
<stat pass="0" fail="1" skip="0" id="s1" name="AppFunctionalityTest">AppFunctionalityTest</stat>
</suite>
</statistics>
<errors>
</errors>
</robot>
