<?xml version="1.0" encoding="UTF-8"?>
<robot generator="Robot 7.0.1 (Python 3.12.3 on win32)" generated="2024-07-22T21:58:47.409925" rpa="false" schemaversion="5">
<suite id="s1" name="AppFunctionalityTest" source="D:\Documents\Test Automation Projects\FORMY_App\Formy_App_Automation_Tests\tests\AppFunctionalityTest.robot">
<test id="s1-t1" name="User Fills Data Correctly and Submits the Form" line="14">
<kw name="Start Session" owner="generic" type="SETUP">
<kw name="Log" owner="BuiltIn">
<msg time="2024-07-22T21:58:47.871600" level="INFO">Test ran on Chrome.</msg>
<arg>Test ran on ${target_browser}.</arg>
<doc>Logs the given message with the given level.</doc>
<status status="PASS" start="2024-07-22T21:58:47.870603" elapsed="0.000997"/>
</kw>
<kw name="Open Browser" owner="SeleniumLibrary">
<msg time="2024-07-22T21:58:47.872597" level="INFO">Opening browser 'Chrome' to base url 'https://formy-project.herokuapp.com/form'.</msg>
<arg>${root_url}</arg>
<arg>${target_browser}</arg>
<doc>Opens a new browser instance to the optional ``url``.</doc>
<status status="PASS" start="2024-07-22T21:58:47.871600" elapsed="3.144820"/>
</kw>
<status status="PASS" start="2024-07-22T21:58:47.870603" elapsed="3.145817"/>
</kw>
<kw name="Fill Registration Form" owner="registrationPage">
<if>
<branch type="IF" condition="${should_fail}">
<kw name="Log" owner="BuiltIn">
<arg>As should fail, its not validating data before input.</arg>
<doc>Logs the given message with the given level.</doc>
<status status="NOT RUN" start="2024-07-22T21:58:51.017416" elapsed="0.000000"/>
</kw>
<status status="NOT RUN" start="2024-07-22T21:58:51.017416" elapsed="0.000000"/>
</branch>
<branch type="ELSE">
<kw name="Is Data Valid For Field" owner="Generics">
<msg time="2024-07-22T21:58:51.018413" level="INFO">Comparing 'Fernando' with: [A-Za-z]+</msg>
<arg>Text</arg>
<arg>${name}</arg>
<doc>Uses RegEx to validate if data should be accepted by the given field_type.</doc>
<status status="PASS" start="2024-07-22T21:58:51.017416" elapsed="0.000997"/>
</kw>
<kw name="Is Data Valid For Field" owner="Generics">
<msg time="2024-07-22T21:58:51.018413" level="INFO">Comparing 'Garzon' with: [A-Za-z]+</msg>
<arg>Text</arg>
<arg>${sname}</arg>
<doc>Uses RegEx to validate if data should be accepted by the given field_type.</doc>
<status status="PASS" start="2024-07-22T21:58:51.018413" elapsed="0.000000"/>
</kw>
<kw name="Is Data Valid For Field" owner="Generics">
<msg time="2024-07-22T21:58:51.019411" level="INFO">Comparing 'QA Automation Tester' with: [A-Za-z]+</msg>
<arg>Text</arg>
<arg>${job_title}</arg>
<doc>Uses RegEx to validate if data should be accepted by the given field_type.</doc>
<status status="PASS" start="2024-07-22T21:58:51.018413" elapsed="0.000998"/>
</kw>
<kw name="Is Data Valid For Field" owner="Generics">
<msg time="2024-07-22T21:58:51.019411" level="INFO">Comparing '01/20/2024' with: ([0-9]+(/[0-9]+)+)</msg>
<arg>Date</arg>
<arg>${current_date}</arg>
<doc>Uses RegEx to validate if data should be accepted by the given field_type.</doc>
<status status="PASS" start="2024-07-22T21:58:51.019411" elapsed="0.000000"/>
</kw>
<status status="PASS" start="2024-07-22T21:58:51.017416" elapsed="0.002992"/>
</branch>
<status status="PASS" start="2024-07-22T21:58:51.017416" elapsed="0.002992"/>
</if>
<kw name="Input Text" owner="SeleniumLibrary">
<msg time="2024-07-22T21:58:51.020408" level="INFO">Typing text 'Fernando' into text field 'id:first-name'.</msg>
<arg>${form_name_field}</arg>
<arg>${name}</arg>
<doc>Types the given ``text`` into the text field identified by ``locator``.</doc>
<status status="PASS" start="2024-07-22T21:58:51.020408" elapsed="0.084335"/>
</kw>
<kw name="Input Text" owner="SeleniumLibrary">
<msg time="2024-07-22T21:58:51.105765" level="INFO">Typing text 'Garzon' into text field 'id:last-name'.</msg>
<arg>${form_sname_field}</arg>
<arg>${sname}</arg>
<doc>Types the given ``text`` into the text field identified by ``locator``.</doc>
<status status="PASS" start="2024-07-22T21:58:51.104743" elapsed="0.064361"/>
</kw>
<kw name="Input Text" owner="SeleniumLibrary">
<msg time="2024-07-22T21:58:51.169104" level="INFO">Typing text 'QA Automation Tester' into text field 'id:job-title'.</msg>
<arg>${form_job_field}</arg>
<arg>${job_title}</arg>
<doc>Types the given ``text`` into the text field identified by ``locator``.</doc>
<status status="PASS" start="2024-07-22T21:58:51.169104" elapsed="0.063829"/>
</kw>
<kw name="Catenate" owner="BuiltIn">
<msg time="2024-07-22T21:58:51.233930" level="INFO">${radio} = xpath://div[@class='input-group'][1]/div/input[@id='radio-button-1']</msg>
<var>${radio}</var>
<arg>SEPARATOR=</arg>
<arg>${form_radial_field}</arg>
<arg>[1]/div/input[@id='radio-button-1']</arg>
<doc>Catenates the given items together and returns the resulted string.</doc>
<status status="PASS" start="2024-07-22T21:58:51.232933" elapsed="0.000997"/>
</kw>
<kw name="Catenate" owner="BuiltIn">
<msg time="2024-07-22T21:58:51.233930" level="INFO">${check} = xpath://div[@class='input-group'][2]/div/input[@id='checkbox-1']</msg>
<var>${check}</var>
<arg>SEPARATOR=</arg>
<arg>${form_checkbox_field}</arg>
<arg>[2]/div/input[@id='checkbox-1']</arg>
<doc>Catenates the given items together and returns the resulted string.</doc>
<status status="PASS" start="2024-07-22T21:58:51.233930" elapsed="0.000000"/>
</kw>
<kw name="Click Element" owner="SeleniumLibrary">
<msg time="2024-07-22T21:58:51.233930" level="INFO">Clicking element 'xpath://div[@class='input-group'][1]/div/input[@id='radio-button-1']'.</msg>
<arg>${radio}</arg>
<doc>Click the element identified by ``locator``.</doc>
<status status="PASS" start="2024-07-22T21:58:51.233930" elapsed="0.041159"/>
</kw>
<kw name="Select Checkbox" owner="SeleniumLibrary">
<msg time="2024-07-22T21:58:51.275089" level="INFO">Selecting checkbox 'xpath://div[@class='input-group'][2]/div/input[@id='checkbox-1']'.</msg>
<arg>${check}</arg>
<doc>Selects the checkbox identified by ``locator``.</doc>
<status status="PASS" start="2024-07-22T21:58:51.275089" elapsed="0.092112"/>
</kw>
<kw name="Select From List By Value" owner="SeleniumLibrary">
<msg time="2024-07-22T21:58:51.368199" level="INFO">Selecting options from selection list 'id:select-menu' by value 2.</msg>
<arg>${form_experience_field}</arg>
<arg>2</arg>
<doc>Selects options from selection list ``locator`` by ``values``.</doc>
<status status="PASS" start="2024-07-22T21:58:51.367201" elapsed="0.097739"/>
</kw>
<kw name="Capture Page Screenshot" owner="SeleniumLibrary">
<msg time="2024-07-22T21:58:51.571654" level="INFO" html="true">&lt;/td&gt;&lt;/tr&gt;&lt;tr&gt;&lt;td colspan="3"&gt;&lt;a href="filled-data-1.png"&gt;&lt;img src="filled-data-1.png" width="800px"&gt;&lt;/a&gt;</msg>
<arg>filename=filled-data-{index}.png</arg>
<doc>Takes a screenshot of the current page and embeds it into a log file.</doc>
<status status="PASS" start="2024-07-22T21:58:51.464940" elapsed="0.107712"/>
</kw>
<kw name="Input Text" owner="SeleniumLibrary">
<msg time="2024-07-22T21:58:51.572652" level="INFO">Typing text '01/20/2024' into text field 'id:datepicker'.</msg>
<arg>${form_date_field}</arg>
<arg>${current_date}</arg>
<doc>Types the given ``text`` into the text field identified by ``locator``.</doc>
<status status="PASS" start="2024-07-22T21:58:51.572652" elapsed="0.142619"/>
</kw>
<arg>${valid_name}</arg>
<arg>${valid_sname}</arg>
<arg>${valid_job_title}</arg>
<arg>${valid_date}</arg>
<status status="PASS" start="2024-07-22T21:58:51.016420" elapsed="0.698851"/>
</kw>
<kw name="Submit Form" owner="registrationPage">
<kw name="Click Element" owner="SeleniumLibrary">
<msg time="2024-07-22T21:58:51.716268" level="INFO">Clicking element 'xpath://div[@class='form-group']/div/a[@role='button']'.</msg>
<arg>${submit_button}</arg>
<doc>Click the element identified by ``locator``.</doc>
<status status="PASS" start="2024-07-22T21:58:51.716268" elapsed="0.050864"/>
</kw>
<status status="PASS" start="2024-07-22T21:58:51.716268" elapsed="0.050864"/>
</kw>
<kw name="Check Confirmation" owner="registrationPage">
<kw name="Check if Confirmation is Visible in the Page and Message is Correct" owner="generic">
<kw name="Wait Until Element Is Visible" owner="SeleniumLibrary">
<arg>${element}</arg>
<arg>timeout=5</arg>
<doc>Waits until the element ``locator`` is visible.</doc>
<status status="PASS" start="2024-07-22T21:58:51.768129" elapsed="0.229895"/>
</kw>
<kw name="Get Text" owner="SeleniumLibrary">
<msg time="2024-07-22T21:58:52.016636" level="INFO">${text} = The form was successfully submitted!</msg>
<var>${text}</var>
<arg>${element}</arg>
<doc>Returns the text value of the element identified by ``locator``.</doc>
<status status="PASS" start="2024-07-22T21:58:51.998024" elapsed="0.019609"/>
</kw>
<kw name="Should Be Equal As Strings" owner="BuiltIn">
<arg>${message}</arg>
<arg>${text}</arg>
<doc>Fails if objects are unequal after converting them to strings.</doc>
<status status="PASS" start="2024-07-22T21:58:52.017633" elapsed="0.000000"/>
</kw>
<arg>${alert_message_element}</arg>
<arg>${msg}</arg>
<status status="PASS" start="2024-07-22T21:58:51.768129" elapsed="0.249504"/>
</kw>
<arg>${success_alert_msg}</arg>
<status status="PASS" start="2024-07-22T21:58:51.767132" elapsed="0.250501"/>
</kw>
<kw name="Close Session" owner="generic" type="TEARDOWN">
<kw name="Delete All Cookies" owner="SeleniumLibrary">
<doc>Deletes all cookies.</doc>
<status status="PASS" start="2024-07-22T21:58:52.018630" elapsed="0.006982"/>
</kw>
<kw name="Close Browser" owner="SeleniumLibrary">
<doc>Closes the current browser.</doc>
<status status="PASS" start="2024-07-22T21:58:52.025612" elapsed="2.166093"/>
</kw>
<status status="PASS" start="2024-07-22T21:58:52.017633" elapsed="2.174072"/>
</kw>
<tag>E2E</tag>
<tag>REGRESSION</tag>
<tag>SMOKE</tag>
<tag>VALIDATION</tag>
<status status="PASS" start="2024-07-22T21:58:47.869605" elapsed="6.322100"/>
</test>
<doc>The test cases in this script focus in testing the app functional requirements
and issues that might be found by misinterpretation of those.</doc>
<status status="PASS" start="2024-07-22T21:58:47.438848" elapsed="6.753854"/>
</suite>
<statistics>
<total>
<stat pass="1" fail="0" skip="0">All Tests</stat>
</total>
<tag>
<stat pass="1" fail="0" skip="0">E2E</stat>
<stat pass="1" fail="0" skip="0">REGRESSION</stat>
<stat pass="1" fail="0" skip="0">SMOKE</stat>
<stat pass="1" fail="0" skip="0">VALIDATION</stat>
</tag>
<suite>
<stat pass="1" fail="0" skip="0" id="s1" name="AppFunctionalityTest">AppFunctionalityTest</stat>
</suite>
</statistics>
<errors>
</errors>
</robot>
