<?xml version="1.0" encoding="UTF-8"?>
<robot generator="Robot 7.0.1 (Python 3.12.3 on win32)" generated="2024-07-22T21:58:47.429872" rpa="false" schemaversion="5">
<suite id="s1" name="AppFunctionalityTest" source="D:\Documents\Test Automation Projects\FORMY_App\Formy_App_Automation_Tests\tests\AppFunctionalityTest.robot">
<test id="s1-t1" name="User Fills Incorrect Or Invalid Data and Submits the Form" line="25">
<kw name="Start Session" owner="generic" type="SETUP">
<kw name="Log" owner="BuiltIn">
<msg time="2024-07-22T21:58:47.870603" level="INFO">Test ran on Chrome.</msg>
<arg>Test ran on ${target_browser}.</arg>
<doc>Logs the given message with the given level.</doc>
<status status="PASS" start="2024-07-22T21:58:47.870603" elapsed="0.000000"/>
</kw>
<kw name="Open Browser" owner="SeleniumLibrary">
<msg time="2024-07-22T21:58:47.871600" level="INFO">Opening browser 'Chrome' to base url 'https://formy-project.herokuapp.com/form'.</msg>
<arg>${root_url}</arg>
<arg>${target_browser}</arg>
<doc>Opens a new browser instance to the optional ``url``.</doc>
<status status="PASS" start="2024-07-22T21:58:47.870603" elapsed="3.527515"/>
</kw>
<status status="PASS" start="2024-07-22T21:58:47.869605" elapsed="3.528513"/>
</kw>
<kw name="Fill Registration Form" owner="registrationPage">
<if>
<branch type="IF" condition="${should_fail}">
<kw name="Log" owner="BuiltIn">
<msg time="2024-07-22T21:58:51.400113" level="INFO">As should fail, its not validating data before input.</msg>
<arg>As should fail, its not validating data before input.</arg>
<doc>Logs the given message with the given level.</doc>
<status status="PASS" start="2024-07-22T21:58:51.399116" elapsed="0.000997"/>
</kw>
<status status="PASS" start="2024-07-22T21:58:51.399116" elapsed="0.000997"/>
</branch>
<branch type="ELSE">
<kw name="Is Data Valid For Field" owner="Generics">
<arg>Text</arg>
<arg>${name}</arg>
<doc>Uses RegEx to validate if data should be accepted by the given field_type.</doc>
<status status="NOT RUN" start="2024-07-22T21:58:51.400113" elapsed="0.000000"/>
</kw>
<kw name="Is Data Valid For Field" owner="Generics">
<arg>Text</arg>
<arg>${sname}</arg>
<doc>Uses RegEx to validate if data should be accepted by the given field_type.</doc>
<status status="NOT RUN" start="2024-07-22T21:58:51.400113" elapsed="0.000000"/>
</kw>
<kw name="Is Data Valid For Field" owner="Generics">
<arg>Text</arg>
<arg>${job_title}</arg>
<doc>Uses RegEx to validate if data should be accepted by the given field_type.</doc>
<status status="NOT RUN" start="2024-07-22T21:58:51.400113" elapsed="0.000000"/>
</kw>
<kw name="Is Data Valid For Field" owner="Generics">
<arg>Date</arg>
<arg>${current_date}</arg>
<doc>Uses RegEx to validate if data should be accepted by the given field_type.</doc>
<status status="NOT RUN" start="2024-07-22T21:58:51.401111" elapsed="0.000000"/>
</kw>
<status status="NOT RUN" start="2024-07-22T21:58:51.400113" elapsed="0.000998"/>
</branch>
<status status="PASS" start="2024-07-22T21:58:51.399116" elapsed="0.001995"/>
</if>
<kw name="Input Text" owner="SeleniumLibrary">
<msg time="2024-07-22T21:58:51.401111" level="INFO">Typing text 'F3rn4nd0' into text field 'id:first-name'.</msg>
<arg>${form_name_field}</arg>
<arg>${name}</arg>
<doc>Types the given ``text`` into the text field identified by ``locator``.</doc>
<status status="PASS" start="2024-07-22T21:58:51.401111" elapsed="0.150598"/>
</kw>
<kw name="Input Text" owner="SeleniumLibrary">
<msg time="2024-07-22T21:58:51.552706" level="INFO">Typing text '647308' into text field 'id:last-name'.</msg>
<arg>${form_sname_field}</arg>
<arg>${sname}</arg>
<doc>Types the given ``text`` into the text field identified by ``locator``.</doc>
<status status="PASS" start="2024-07-22T21:58:51.551709" elapsed="0.091754"/>
</kw>
<kw name="Input Text" owner="SeleniumLibrary">
<msg time="2024-07-22T21:58:51.644460" level="INFO">Typing text '#J0b QA*%&amp;' into text field 'id:job-title'.</msg>
<arg>${form_job_field}</arg>
<arg>${job_title}</arg>
<doc>Types the given ``text`` into the text field identified by ``locator``.</doc>
<status status="PASS" start="2024-07-22T21:58:51.643463" elapsed="0.174533"/>
</kw>
<kw name="Catenate" owner="BuiltIn">
<msg time="2024-07-22T21:58:51.818994" level="INFO">${radio} = xpath://div[@class='input-group'][1]/div/input[@id='radio-button-1']</msg>
<var>${radio}</var>
<arg>SEPARATOR=</arg>
<arg>${form_radial_field}</arg>
<arg>[1]/div/input[@id='radio-button-1']</arg>
<doc>Catenates the given items together and returns the resulted string.</doc>
<status status="PASS" start="2024-07-22T21:58:51.817996" elapsed="0.000998"/>
</kw>
<kw name="Catenate" owner="BuiltIn">
<msg time="2024-07-22T21:58:51.818994" level="INFO">${check} = xpath://div[@class='input-group'][2]/div/input[@id='checkbox-1']</msg>
<var>${check}</var>
<arg>SEPARATOR=</arg>
<arg>${form_checkbox_field}</arg>
<arg>[2]/div/input[@id='checkbox-1']</arg>
<doc>Catenates the given items together and returns the resulted string.</doc>
<status status="PASS" start="2024-07-22T21:58:51.818994" elapsed="0.000000"/>
</kw>
<kw name="Click Element" owner="SeleniumLibrary">
<msg time="2024-07-22T21:58:51.818994" level="INFO">Clicking element 'xpath://div[@class='input-group'][1]/div/input[@id='radio-button-1']'.</msg>
<arg>${radio}</arg>
<doc>Click the element identified by ``locator``.</doc>
<status status="PASS" start="2024-07-22T21:58:51.818994" elapsed="0.056848"/>
</kw>
<kw name="Select Checkbox" owner="SeleniumLibrary">
<msg time="2024-07-22T21:58:51.875842" level="INFO">Selecting checkbox 'xpath://div[@class='input-group'][2]/div/input[@id='checkbox-1']'.</msg>
<arg>${check}</arg>
<doc>Selects the checkbox identified by ``locator``.</doc>
<status status="PASS" start="2024-07-22T21:58:51.875842" elapsed="0.071316"/>
</kw>
<kw name="Select From List By Value" owner="SeleniumLibrary">
<msg time="2024-07-22T21:58:51.948156" level="INFO">Selecting options from selection list 'id:select-menu' by value 2.</msg>
<arg>${form_experience_field}</arg>
<arg>2</arg>
<doc>Selects options from selection list ``locator`` by ``values``.</doc>
<status status="PASS" start="2024-07-22T21:58:51.947158" elapsed="0.069478"/>
</kw>
<kw name="Capture Page Screenshot" owner="SeleniumLibrary">
<msg time="2024-07-22T21:58:52.128337" level="INFO" html="true">&lt;/td&gt;&lt;/tr&gt;&lt;tr&gt;&lt;td colspan="3"&gt;&lt;a href="filled-data-1.png"&gt;&lt;img src="filled-data-1.png" width="800px"&gt;&lt;/a&gt;</msg>
<arg>filename=filled-data-{index}.png</arg>
<doc>Takes a screenshot of the current page and embeds it into a log file.</doc>
<status status="PASS" start="2024-07-22T21:58:52.017633" elapsed="0.110704"/>
</kw>
<kw name="Input Text" owner="SeleniumLibrary">
<msg time="2024-07-22T21:58:52.129334" level="INFO">Typing text '20/40/12' into text field 'id:datepicker'.</msg>
<arg>${form_date_field}</arg>
<arg>${current_date}</arg>
<doc>Types the given ``text`` into the text field identified by ``locator``.</doc>
<status status="PASS" start="2024-07-22T21:58:52.128337" elapsed="0.104720"/>
</kw>
<arg>${invalid_name}</arg>
<arg>${invalid_sname}</arg>
<arg>${invalid_job_title}</arg>
<arg>${invalid_date}</arg>
<arg>True</arg>
<status status="PASS" start="2024-07-22T21:58:51.399116" elapsed="0.834938"/>
</kw>
<kw name="Submit Form" owner="registrationPage">
<kw name="Click Element" owner="SeleniumLibrary">
<msg time="2024-07-22T21:58:52.234054" level="INFO">Clicking element 'xpath://div[@class='form-group']/div/a[@role='button']'.</msg>
<arg>${submit_button}</arg>
<doc>Click the element identified by ``locator``.</doc>
<status status="PASS" start="2024-07-22T21:58:52.234054" elapsed="0.036524"/>
</kw>
<status status="PASS" start="2024-07-22T21:58:52.234054" elapsed="0.036524"/>
</kw>
<kw name="Check Confirmation" owner="registrationPage">
<kw name="Check if Confirmation is Visible in the Page and Message is Correct" owner="generic">
<kw name="Wait Until Element Is Visible" owner="SeleniumLibrary">
<arg>${element}</arg>
<arg>timeout=5</arg>
<doc>Waits until the element ``locator`` is visible.</doc>
<status status="PASS" start="2024-07-22T21:58:52.271575" elapsed="0.224023"/>
</kw>
<kw name="Get Text" owner="SeleniumLibrary">
<msg time="2024-07-22T21:58:52.515545" level="INFO">${text} = The form was successfully submitted!</msg>
<var>${text}</var>
<arg>${element}</arg>
<doc>Returns the text value of the element identified by ``locator``.</doc>
<status status="PASS" start="2024-07-22T21:58:52.495598" elapsed="0.019947"/>
</kw>
<kw name="Should Be Equal As Strings" owner="BuiltIn">
<msg time="2024-07-22T21:58:52.516543" level="FAIL">The form could not be submitted : != The form was successfully submitted!</msg>
<arg>${message}</arg>
<arg>${text}</arg>
<doc>Fails if objects are unequal after converting them to strings.</doc>
<status status="FAIL" start="2024-07-22T21:58:52.516543" elapsed="0.000000">The form could not be submitted : != The form was successfully submitted!</status>
</kw>
<arg>${alert_message_element}</arg>
<arg>${msg}</arg>
<status status="FAIL" start="2024-07-22T21:58:52.270578" elapsed="0.246962">The form could not be submitted : != The form was successfully submitted!</status>
</kw>
<arg>${failed_alert_msg}</arg>
<status status="FAIL" start="2024-07-22T21:58:52.270578" elapsed="0.246962">The form could not be submitted : != The form was successfully submitted!</status>
</kw>
<kw name="Close Session" owner="generic" type="TEARDOWN">
<kw name="Delete All Cookies" owner="SeleniumLibrary">
<doc>Deletes all cookies.</doc>
<status status="PASS" start="2024-07-22T21:58:52.518537" elapsed="0.010971"/>
</kw>
<kw name="Close Browser" owner="SeleniumLibrary">
<doc>Closes the current browser.</doc>
<status status="PASS" start="2024-07-22T21:58:52.529508" elapsed="2.153177"/>
</kw>
<status status="PASS" start="2024-07-22T21:58:52.517540" elapsed="2.165145"/>
</kw>
<tag>REGRESSION</tag>
<tag>VALIDATION</tag>
<status status="FAIL" start="2024-07-22T21:58:47.868607" elapsed="6.814078">The form could not be submitted : != The form was successfully submitted!</status>
</test>
<doc>The test cases in this script focus in testing the app functional requirements
and issues that might be found by misinterpretation of those.</doc>
<status status="FAIL" start="2024-07-22T21:58:47.462784" elapsed="7.220944"/>
</suite>
<statistics>
<total>
<stat pass="0" fail="1" skip="0">All Tests</stat>
</total>
<tag>
<stat pass="0" fail="1" skip="0">REGRESSION</stat>
<stat pass="0" fail="1" skip="0">VALIDATION</stat>
</tag>
<suite>
<stat pass="0" fail="1" skip="0" id="s1" name="AppFunctionalityTest">AppFunctionalityTest</stat>
</suite>
</statistics>
<errors>
</errors>
</robot>
