<?xml version="1.0" encoding="UTF-8"?>
<robot generator="Robot 7.0.1 (Python 3.12.3 on win32)" generated="2024-07-22T21:59:04.165269" rpa="false" schemaversion="5">
<suite id="s1" name="AppFunctionalityTest" source="D:\Documents\Test Automation Projects\FORMY_App\Formy_App_Automation_Tests\tests\AppFunctionalityTest.robot">
<test id="s1-t1" name="User Try To Submit The Form Without Some Information" line="37">
<kw name="Start Session" owner="generic" type="SETUP">
<kw name="Log" owner="BuiltIn">
<msg time="2024-07-22T21:59:04.451568" level="INFO">Test ran on Firefox.</msg>
<arg>Test ran on ${target_browser}.</arg>
<doc>Logs the given message with the given level.</doc>
<status status="PASS" start="2024-07-22T21:59:04.451568" elapsed="0.000997"/>
</kw>
<kw name="Open Browser" owner="SeleniumLibrary">
<msg time="2024-07-22T21:59:04.452565" level="INFO">Opening browser 'Firefox' to base url 'https://formy-project.herokuapp.com/form'.</msg>
<arg>${root_url}</arg>
<arg>${target_browser}</arg>
<doc>Opens a new browser instance to the optional ``url``.</doc>
<status status="PASS" start="2024-07-22T21:59:04.452565" elapsed="7.300421"/>
</kw>
<status status="PASS" start="2024-07-22T21:59:04.450571" elapsed="7.302415"/>
</kw>
<kw name="Fill Registration Form" owner="registrationPage">
<if>
<branch type="IF" condition="${should_fail}">
<kw name="Log" owner="BuiltIn">
<arg>As should fail, its not validating data before input.</arg>
<doc>Logs the given message with the given level.</doc>
<status status="NOT RUN" start="2024-07-22T21:59:11.755979" elapsed="0.000000"/>
</kw>
<status status="NOT RUN" start="2024-07-22T21:59:11.754982" elapsed="0.000997"/>
</branch>
<branch type="ELSE">
<kw name="Is Data Valid For Field" owner="Generics">
<msg time="2024-07-22T21:59:11.756976" level="INFO">Comparing 'Fernando' with: [A-Za-z]+</msg>
<arg>Text</arg>
<arg>${name}</arg>
<doc>Uses RegEx to validate if data should be accepted by the given field_type.</doc>
<status status="PASS" start="2024-07-22T21:59:11.755979" elapsed="0.000997"/>
</kw>
<kw name="Is Data Valid For Field" owner="Generics">
<msg time="2024-07-22T21:59:11.756976" level="INFO">Not Tested as data is empty.</msg>
<arg>Text</arg>
<arg>${sname}</arg>
<doc>Uses RegEx to validate if data should be accepted by the given field_type.</doc>
<status status="PASS" start="2024-07-22T21:59:11.756976" elapsed="0.000000"/>
</kw>
<kw name="Is Data Valid For Field" owner="Generics">
<msg time="2024-07-22T21:59:11.757974" level="INFO">Comparing 'QA Automation Tester' with: [A-Za-z]+</msg>
<arg>Text</arg>
<arg>${job_title}</arg>
<doc>Uses RegEx to validate if data should be accepted by the given field_type.</doc>
<status status="PASS" start="2024-07-22T21:59:11.756976" elapsed="0.000998"/>
</kw>
<kw name="Is Data Valid For Field" owner="Generics">
<msg time="2024-07-22T21:59:11.757974" level="INFO">Not Tested as data is empty.</msg>
<arg>Date</arg>
<arg>${current_date}</arg>
<doc>Uses RegEx to validate if data should be accepted by the given field_type.</doc>
<status status="PASS" start="2024-07-22T21:59:11.757974" elapsed="0.000000"/>
</kw>
<status status="PASS" start="2024-07-22T21:59:11.755979" elapsed="0.001995"/>
</branch>
<status status="PASS" start="2024-07-22T21:59:11.754982" elapsed="0.002992"/>
</if>
<kw name="Input Text" owner="SeleniumLibrary">
<msg time="2024-07-22T21:59:11.758971" level="INFO">Typing text 'Fernando' into text field 'id:first-name'.</msg>
<arg>${form_name_field}</arg>
<arg>${name}</arg>
<doc>Types the given ``text`` into the text field identified by ``locator``.</doc>
<status status="PASS" start="2024-07-22T21:59:11.757974" elapsed="0.097738"/>
</kw>
<kw name="Input Text" owner="SeleniumLibrary">
<msg time="2024-07-22T21:59:11.855712" level="INFO">Typing text '' into text field 'id:last-name'.</msg>
<arg>${form_sname_field}</arg>
<arg>${sname}</arg>
<doc>Types the given ``text`` into the text field identified by ``locator``.</doc>
<status status="PASS" start="2024-07-22T21:59:11.855712" elapsed="0.012966"/>
</kw>
<kw name="Input Text" owner="SeleniumLibrary">
<msg time="2024-07-22T21:59:11.868678" level="INFO">Typing text 'QA Automation Tester' into text field 'id:job-title'.</msg>
<arg>${form_job_field}</arg>
<arg>${job_title}</arg>
<doc>Types the given ``text`` into the text field identified by ``locator``.</doc>
<status status="PASS" start="2024-07-22T21:59:11.868678" elapsed="0.024933"/>
</kw>
<kw name="Catenate" owner="BuiltIn">
<msg time="2024-07-22T21:59:11.893611" level="INFO">${radio} = xpath://div[@class='input-group'][1]/div/input[@id='radio-button-1']</msg>
<var>${radio}</var>
<arg>SEPARATOR=</arg>
<arg>${form_radial_field}</arg>
<arg>[1]/div/input[@id='radio-button-1']</arg>
<doc>Catenates the given items together and returns the resulted string.</doc>
<status status="PASS" start="2024-07-22T21:59:11.893611" elapsed="0.000000"/>
</kw>
<kw name="Catenate" owner="BuiltIn">
<msg time="2024-07-22T21:59:11.894608" level="INFO">${check} = xpath://div[@class='input-group'][2]/div/input[@id='checkbox-1']</msg>
<var>${check}</var>
<arg>SEPARATOR=</arg>
<arg>${form_checkbox_field}</arg>
<arg>[2]/div/input[@id='checkbox-1']</arg>
<doc>Catenates the given items together and returns the resulted string.</doc>
<status status="PASS" start="2024-07-22T21:59:11.893611" elapsed="0.000997"/>
</kw>
<kw name="Click Element" owner="SeleniumLibrary">
<msg time="2024-07-22T21:59:11.894608" level="INFO">Clicking element 'xpath://div[@class='input-group'][1]/div/input[@id='radio-button-1']'.</msg>
<arg>${radio}</arg>
<doc>Click the element identified by ``locator``.</doc>
<status status="PASS" start="2024-07-22T21:59:11.894608" elapsed="0.222328"/>
</kw>
<kw name="Select Checkbox" owner="SeleniumLibrary">
<msg time="2024-07-22T21:59:12.117934" level="INFO">Selecting checkbox 'xpath://div[@class='input-group'][2]/div/input[@id='checkbox-1']'.</msg>
<arg>${check}</arg>
<doc>Selects the checkbox identified by ``locator``.</doc>
<status status="PASS" start="2024-07-22T21:59:12.116936" elapsed="0.229599"/>
</kw>
<kw name="Select From List By Value" owner="SeleniumLibrary">
<msg time="2024-07-22T21:59:12.347533" level="INFO">Selecting options from selection list 'id:select-menu' by value 2.</msg>
<arg>${form_experience_field}</arg>
<arg>2</arg>
<doc>Selects options from selection list ``locator`` by ``values``.</doc>
<status status="PASS" start="2024-07-22T21:59:12.346535" elapsed="0.232109"/>
</kw>
<kw name="Capture Page Screenshot" owner="SeleniumLibrary">
<msg time="2024-07-22T21:59:12.600893" level="INFO" html="true">&lt;/td&gt;&lt;/tr&gt;&lt;tr&gt;&lt;td colspan="3"&gt;&lt;a href="filled-data-1.png"&gt;&lt;img src="filled-data-1.png" width="800px"&gt;&lt;/a&gt;</msg>
<arg>filename=filled-data-{index}.png</arg>
<doc>Takes a screenshot of the current page and embeds it into a log file.</doc>
<status status="PASS" start="2024-07-22T21:59:12.578644" elapsed="0.022249"/>
</kw>
<kw name="Input Text" owner="SeleniumLibrary">
<msg time="2024-07-22T21:59:12.601890" level="INFO">Typing text '' into text field 'id:datepicker'.</msg>
<arg>${form_date_field}</arg>
<arg>${current_date}</arg>
<doc>Types the given ``text`` into the text field identified by ``locator``.</doc>
<status status="PASS" start="2024-07-22T21:59:12.601890" elapsed="0.017072"/>
</kw>
<arg>${valid_name}</arg>
<arg>${EMPTY}</arg>
<arg>${valid_job_title}</arg>
<arg>${EMPTY}</arg>
<status status="PASS" start="2024-07-22T21:59:11.753985" elapsed="0.864977"/>
</kw>
<kw name="Submit Form" owner="registrationPage">
<kw name="Click Element" owner="SeleniumLibrary">
<msg time="2024-07-22T21:59:12.619963" level="INFO">Clicking element 'xpath://div[@class='form-group']/div/a[@role='button']'.</msg>
<arg>${submit_button}</arg>
<doc>Click the element identified by ``locator``.</doc>
<status status="PASS" start="2024-07-22T21:59:12.619963" elapsed="0.222198"/>
</kw>
<status status="PASS" start="2024-07-22T21:59:12.619963" elapsed="0.222198"/>
</kw>
<kw name="Check Confirmation" owner="registrationPage">
<kw name="Check if Confirmation is Visible in the Page and Message is Correct" owner="generic">
<kw name="Wait Until Element Is Visible" owner="SeleniumLibrary">
<arg>${element}</arg>
<arg>timeout=5</arg>
<doc>Waits until the element ``locator`` is visible.</doc>
<status status="PASS" start="2024-07-22T21:59:12.843159" elapsed="0.007418"/>
</kw>
<kw name="Get Text" owner="SeleniumLibrary">
<msg time="2024-07-22T21:59:12.858569" level="INFO">${text} = The form was successfully submitted!</msg>
<var>${text}</var>
<arg>${element}</arg>
<doc>Returns the text value of the element identified by ``locator``.</doc>
<status status="PASS" start="2024-07-22T21:59:12.851551" elapsed="0.007018"/>
</kw>
<kw name="Should Be Equal As Strings" owner="BuiltIn">
<msg time="2024-07-22T21:59:12.859592" level="FAIL">The form could not be submitted : != The form was successfully submitted!</msg>
<arg>${message}</arg>
<arg>${text}</arg>
<doc>Fails if objects are unequal after converting them to strings.</doc>
<status status="FAIL" start="2024-07-22T21:59:12.858569" elapsed="0.001023">The form could not be submitted : != The form was successfully submitted!</status>
</kw>
<arg>${alert_message_element}</arg>
<arg>${msg}</arg>
<status status="FAIL" start="2024-07-22T21:59:12.843159" elapsed="0.016433">The form could not be submitted : != The form was successfully submitted!</status>
</kw>
<arg>${failed_alert_msg}</arg>
<status status="FAIL" start="2024-07-22T21:59:12.843159" elapsed="0.017429">The form could not be submitted : != The form was successfully submitted!</status>
</kw>
<kw name="Close Session" owner="generic" type="TEARDOWN">
<kw name="Delete All Cookies" owner="SeleniumLibrary">
<doc>Deletes all cookies.</doc>
<status status="PASS" start="2024-07-22T21:59:12.860588" elapsed="0.001998"/>
</kw>
<kw name="Close Browser" owner="SeleniumLibrary">
<doc>Closes the current browser.</doc>
<status status="PASS" start="2024-07-22T21:59:12.862586" elapsed="3.058353"/>
</kw>
<status status="PASS" start="2024-07-22T21:59:12.860588" elapsed="3.060351"/>
</kw>
<tag>REGRESSION</tag>
<status status="FAIL" start="2024-07-22T21:59:04.450571" elapsed="11.470368">The form could not be submitted : != The form was successfully submitted!</status>
</test>
<doc>The test cases in this script focus in testing the app functional requirements
and issues that might be found by misinterpretation of those.</doc>
<status status="FAIL" start="2024-07-22T21:59:04.193195" elapsed="11.728741"/>
</suite>
<statistics>
<total>
<stat pass="0" fail="1" skip="0">All Tests</stat>
</total>
<tag>
<stat pass="0" fail="1" skip="0">REGRESSION</stat>
</tag>
<suite>
<stat pass="0" fail="1" skip="0" id="s1" name="AppFunctionalityTest">AppFunctionalityTest</stat>
</suite>
</statistics>
<errors>
</errors>
</robot>
